# JRE version: OpenJDK Runtime Environment Temurin-17.0.9+9 (17.0.9+9) (build 17.0.9+9)
# Java VM: OpenJDK 64-Bit Server VM Temurin-17.0.9+9 (17.0.9+9, mixed mode, tiered, compressed oops, compressed class ptrs, g1 gc, windows-amd64)
GC Precious Log:
 CPUs: 8 total, 8 available
 Memory: 16238M
 Large Page Support: Disabled
 NUMA Support: Disabled
 Compressed Oops: Enabled (Zero based)
 Heap Region Size: 2M
 Heap Min Capacity: 8M
 Heap Initial Capacity: 254M
 Heap Max Capacity: 4060M
 Pre-touch: Disabled
 Parallel Workers: 8
 Concurrent Workers: 2
 Concurrent Refinement Workers: 8
 Periodic GC: Disabled
Heap:
 garbage-first heap   total 157696K, used 85692K [0x0000000702400000, 0x0000000800000000)
  region size 2048K, 37 young (75776K), 4 survivors (8192K)
 Metaspace       used 60418K, committed 60736K, reserved 1114112K
  class space    used 7921K, committed 8064K, reserved 1048576K
GC Heap History (20 events):
Event: 1.470 GC heap after
{Heap after GC invocations=2 (full 0):
 garbage-first heap   total 260096K, used 8840K [0x0000000702400000, 0x0000000800000000)
  region size 2048K, 1 young (2048K), 1 survivors (2048K)
 Metaspace       used 19614K, committed 19776K, reserved 1114112K
  class space    used 2378K, committed 2432K, reserved 1048576K
}
Event: 1.627 GC heap before
{Heap before GC invocations=2 (full 0):
 garbage-first heap   total 260096K, used 17032K [0x0000000702400000, 0x0000000800000000)
  region size 2048K, 6 young (12288K), 1 survivors (2048K)
 Metaspace       used 21359K, committed 21504K, reserved 1114112K
  class space    used 2588K, committed 2688K, reserved 1048576K
}
Event: 1.630 GC heap after
{Heap after GC invocations=3 (full 0):
 garbage-first heap   total 260096K, used 9363K [0x0000000702400000, 0x0000000800000000)
  region size 2048K, 2 young (4096K), 2 survivors (4096K)
 Metaspace       used 21359K, committed 21504K, reserved 1114112K
  class space    used 2588K, committed 2688K, reserved 1048576K
}
Event: 2.009 GC heap before
{Heap before GC invocations=4 (full 0):
 garbage-first heap   total 55296K, used 38035K [0x0000000702400000, 0x0000000800000000)
  region size 2048K, 16 young (32768K), 2 survivors (4096K)
 Metaspace       used 26623K, committed 26816K, reserved 1114112K
  class space    used 3193K, committed 3264K, reserved 1048576K
}
Event: 2.013 GC heap after
{Heap after GC invocations=5 (full 0):
 garbage-first heap   total 55296K, used 11049K [0x0000000702400000, 0x0000000800000000)
  region size 2048K, 2 young (4096K), 2 survivors (4096K)
 Metaspace       used 26623K, committed 26816K, reserved 1114112K
  class space    used 3193K, committed 3264K, reserved 1048576K
}
Event: 2.054 GC heap before
{Heap before GC invocations=5 (full 0):
 garbage-first heap   total 55296K, used 13097K [0x0000000702400000, 0x0000000800000000)
  region size 2048K, 3 young (6144K), 2 survivors (4096K)
 Metaspace       used 26898K, committed 27072K, reserved 1114112K
  class space    used 3243K, committed 3328K, reserved 1048576K
}
Event: 2.059 GC heap after
{Heap after GC invocations=6 (full 0):
 garbage-first heap   total 55296K, used 11139K [0x0000000702400000, 0x0000000800000000)
  region size 2048K, 1 young (2048K), 1 survivors (2048K)
 Metaspace       used 26898K, committed 27072K, reserved 1114112K
  class space    used 3243K, committed 3328K, reserved 1048576K
}
Event: 2.654 GC heap before
{Heap before GC invocations=6 (full 0):
 garbage-first heap   total 55296K, used 33667K [0x0000000702400000, 0x0000000800000000)
  region size 2048K, 12 young (24576K), 1 survivors (2048K)
 Metaspace       used 30001K, committed 30208K, reserved 1114112K
  class space    used 3648K, committed 3712K, reserved 1048576K
}
Event: 2.659 GC heap after
{Heap after GC invocations=7 (full 0):
 garbage-first heap   total 55296K, used 12614K [0x0000000702400000, 0x0000000800000000)
  region size 2048K, 1 young (2048K), 1 survivors (2048K)
 Metaspace       used 30001K, committed 30208K, reserved 1114112K
  class space    used 3648K, committed 3712K, reserved 1048576K
}
Event: 3.359 GC heap before
{Heap before GC invocations=7 (full 0):
 garbage-first heap   total 55296K, used 37190K [0x0000000702400000, 0x0000000800000000)
  region size 2048K, 13 young (26624K), 1 survivors (2048K)
 Metaspace       used 34652K, committed 34944K, reserved 1114112K
  class space    used 4299K, committed 4416K, reserved 1048576K
}
Event: 3.366 GC heap after
{Heap after GC invocations=8 (full 0):
 garbage-first heap   total 55296K, used 15512K [0x0000000702400000, 0x0000000800000000)
  region size 2048K, 2 young (4096K), 2 survivors (4096K)
 Metaspace       used 34652K, committed 34944K, reserved 1114112K
  class space    used 4299K, committed 4416K, reserved 1048576K
}
Event: 3.514 GC heap before
{Heap before GC invocations=8 (full 0):
 garbage-first heap   total 55296K, used 19608K [0x0000000702400000, 0x0000000800000000)
  region size 2048K, 5 young (10240K), 2 survivors (4096K)
 Metaspace       used 35911K, committed 36160K, reserved 1114112K
  class space    used 4426K, committed 4544K, reserved 1048576K
}
Event: 3.525 GC heap after
{Heap after GC invocations=9 (full 0):
 garbage-first heap   total 55296K, used 16627K [0x0000000702400000, 0x0000000800000000)
  region size 2048K, 1 young (2048K), 1 survivors (2048K)
 Metaspace       used 35911K, committed 36160K, reserved 1114112K
  class space    used 4426K, committed 4544K, reserved 1048576K
}
Event: 4.142 GC heap before
{Heap before GC invocations=10 (full 0):
 garbage-first heap   total 55296K, used 39155K [0x0000000702400000, 0x0000000800000000)
  region size 2048K, 12 young (24576K), 1 survivors (2048K)
 Metaspace       used 38225K, committed 38528K, reserved 1114112K
  class space    used 4720K, committed 4864K, reserved 1048576K
}
Event: 4.145 GC heap after
{Heap after GC invocations=11 (full 0):
 garbage-first heap   total 55296K, used 18180K [0x0000000702400000, 0x0000000800000000)
  region size 2048K, 2 young (4096K), 2 survivors (4096K)
 Metaspace       used 38225K, committed 38528K, reserved 1114112K
  class space    used 4720K, committed 4864K, reserved 1048576K
}
Event: 4.228 GC heap before
{Heap before GC invocations=11 (full 0):
 garbage-first heap   total 55296K, used 18180K [0x0000000702400000, 0x0000000800000000)
  region size 2048K, 3 young (6144K), 2 survivors (4096K)
 Metaspace       used 38971K, committed 39296K, reserved 1114112K
  class space    used 4780K, committed 4928K, reserved 1048576K
}
Event: 4.233 GC heap after
{Heap after GC invocations=12 (full 0):
 garbage-first heap   total 55296K, used 17985K [0x0000000702400000, 0x0000000800000000)
  region size 2048K, 1 young (2048K), 1 survivors (2048K)
 Metaspace       used 38971K, committed 39296K, reserved 1114112K
  class space    used 4780K, committed 4928K, reserved 1048576K
}
Event: 5.386 GC heap before
{Heap before GC invocations=12 (full 0):
 garbage-first heap   total 55296K, used 38465K [0x0000000702400000, 0x0000000800000000)
  region size 2048K, 11 young (22528K), 1 survivors (2048K)
 Metaspace       used 44949K, committed 45248K, reserved 1114112K
  class space    used 5695K, committed 5824K, reserved 1048576K
}
Event: 5.389 GC heap after
{Heap after GC invocations=13 (full 0):
 garbage-first heap   total 157696K, used 19125K [0x0000000702400000, 0x0000000800000000)
  region size 2048K, 1 young (2048K), 1 survivors (2048K)
 Metaspace       used 44949K, committed 45248K, reserved 1114112K
  class space    used 5695K, committed 5824K, reserved 1048576K
}
Event: 7.044 GC heap before
{Heap before GC invocations=13 (full 0):
 garbage-first heap   total 157696K, used 84661K [0x0000000702400000, 0x0000000800000000)
  region size 2048K, 34 young (69632K), 1 survivors (2048K)
 Metaspace       used 60418K, committed 60736K, reserved 1114112K
  class space    used 7921K, committed 8064K, reserved 1048576K
}

